Performing C SOURCE FILE Test CMAKE_HAVE_LIBC_PTHREAD failed with the following output:
Change Dir: /home/bvillalb/colcon_ws/src/k-bots/follow-wall-k-bots/build/follow-wall/CMakeFiles/CMakeTmp

Run Build Command(s):/usr/bin/make cmTC_107ac/fast && /usr/bin/make -f CMakeFiles/cmTC_107ac.dir/build.make CMakeFiles/cmTC_107ac.dir/build
make[1]: se entra en el directorio '/home/bvillalb/colcon_ws/src/k-bots/follow-wall-k-bots/build/follow-wall/CMakeFiles/CMakeTmp'
Building C object CMakeFiles/cmTC_107ac.dir/src.c.o
/usr/bin/cc   -DCMAKE_HAVE_LIBC_PTHREAD   -o CMakeFiles/cmTC_107ac.dir/src.c.o   -c /home/bvillalb/colcon_ws/src/k-bots/follow-wall-k-bots/build/follow-wall/CMakeFiles/CMakeTmp/src.c
Linking C executable cmTC_107ac
/usr/bin/cmake -E cmake_link_script CMakeFiles/cmTC_107ac.dir/link.txt --verbose=1
/usr/bin/cc  -DCMAKE_HAVE_LIBC_PTHREAD    CMakeFiles/cmTC_107ac.dir/src.c.o  -o cmTC_107ac 
/usr/bin/ld: CMakeFiles/cmTC_107ac.dir/src.c.o: en la función `main':
src.c:(.text+0x46): referencia a `pthread_create' sin definir
/usr/bin/ld: src.c:(.text+0x52): referencia a `pthread_detach' sin definir
/usr/bin/ld: src.c:(.text+0x63): referencia a `pthread_join' sin definir
collect2: error: ld returned 1 exit status
make[1]: *** [CMakeFiles/cmTC_107ac.dir/build.make:87: cmTC_107ac] Error 1
make[1]: se sale del directorio '/home/bvillalb/colcon_ws/src/k-bots/follow-wall-k-bots/build/follow-wall/CMakeFiles/CMakeTmp'
make: *** [Makefile:121: cmTC_107ac/fast] Error 2


Source file was:
#include <pthread.h>

void* test_func(void* data)
{
  return data;
}

int main(void)
{
  pthread_t thread;
  pthread_create(&thread, NULL, test_func, NULL);
  pthread_detach(thread);
  pthread_join(thread, NULL);
  pthread_atfork(NULL, NULL, NULL);
  pthread_exit(NULL);

  return 0;
}

Determining if the function pthread_create exists in the pthreads failed with the following output:
Change Dir: /home/bvillalb/colcon_ws/src/k-bots/follow-wall-k-bots/build/follow-wall/CMakeFiles/CMakeTmp

Run Build Command(s):/usr/bin/make cmTC_19bca/fast && /usr/bin/make -f CMakeFiles/cmTC_19bca.dir/build.make CMakeFiles/cmTC_19bca.dir/build
make[1]: se entra en el directorio '/home/bvillalb/colcon_ws/src/k-bots/follow-wall-k-bots/build/follow-wall/CMakeFiles/CMakeTmp'
Building C object CMakeFiles/cmTC_19bca.dir/CheckFunctionExists.c.o
/usr/bin/cc   -DCHECK_FUNCTION_EXISTS=pthread_create   -o CMakeFiles/cmTC_19bca.dir/CheckFunctionExists.c.o   -c /usr/share/cmake-3.16/Modules/CheckFunctionExists.c
Linking C executable cmTC_19bca
/usr/bin/cmake -E cmake_link_script CMakeFiles/cmTC_19bca.dir/link.txt --verbose=1
/usr/bin/cc  -DCHECK_FUNCTION_EXISTS=pthread_create    CMakeFiles/cmTC_19bca.dir/CheckFunctionExists.c.o  -o cmTC_19bca  -lpthreads 
/usr/bin/ld: no se puede encontrar -lpthreads
collect2: error: ld returned 1 exit status
make[1]: *** [CMakeFiles/cmTC_19bca.dir/build.make:87: cmTC_19bca] Error 1
make[1]: se sale del directorio '/home/bvillalb/colcon_ws/src/k-bots/follow-wall-k-bots/build/follow-wall/CMakeFiles/CMakeTmp'
make: *** [Makefile:121: cmTC_19bca/fast] Error 2



