[0.016s] Invoking command in '/home/bvillalb/colcon_ws/src/k-bots/follow-wall-k-bots/build/follow-wall': CMAKE_PREFIX_PATH=${CMAKE_PREFIX_PATH}:/home/bvillalb/colcon_ws/install/test_hfsm:/home/bvillalb/colcon_ws/install/ros2controlcli:/home/bvillalb/colcon_ws/install/launch_pal:/home/bvillalb/colcon_ws/install/intro_py_ros2:/opt/ros/foxy /usr/bin/cmake --build /home/bvillalb/colcon_ws/src/k-bots/follow-wall-k-bots/build/follow-wall -- -j16 -l16
[0.063s] [35m[1mScanning dependencies of target follow-wall[0m
[0.088s] [ 25%] [32mBuilding CXX object CMakeFiles/follow-wall.dir/src/follow_wall/follow_wall.cpp.o[0m
[5.895s] [ 50%] [32m[1mLinking CXX shared library libfollow-wall.so[0m
[6.137s] [ 50%] Built target follow-wall
[6.169s] [ 75%] [32m[1mLinking CXX executable follow_wall_main[0m
[6.323s] [100%] Built target follow_wall_main
[6.334s] Invoked command in '/home/bvillalb/colcon_ws/src/k-bots/follow-wall-k-bots/build/follow-wall' returned '0': CMAKE_PREFIX_PATH=${CMAKE_PREFIX_PATH}:/home/bvillalb/colcon_ws/install/test_hfsm:/home/bvillalb/colcon_ws/install/ros2controlcli:/home/bvillalb/colcon_ws/install/launch_pal:/home/bvillalb/colcon_ws/install/intro_py_ros2:/opt/ros/foxy /usr/bin/cmake --build /home/bvillalb/colcon_ws/src/k-bots/follow-wall-k-bots/build/follow-wall -- -j16 -l16
[6.372s] Invoking command in '/home/bvillalb/colcon_ws/src/k-bots/follow-wall-k-bots/build/follow-wall': CMAKE_PREFIX_PATH=${CMAKE_PREFIX_PATH}:/home/bvillalb/colcon_ws/install/test_hfsm:/home/bvillalb/colcon_ws/install/ros2controlcli:/home/bvillalb/colcon_ws/install/launch_pal:/home/bvillalb/colcon_ws/install/intro_py_ros2:/opt/ros/foxy /usr/bin/cmake --install /home/bvillalb/colcon_ws/src/k-bots/follow-wall-k-bots/build/follow-wall
[6.382s] -- Install configuration: "DEBUG"
[6.382s] -- Execute custom install script
[6.383s] -- Up-to-date symlink: /home/bvillalb/colcon_ws/src/k-bots/follow-wall-k-bots/install/follow-wall/lib/follow-wall/follow_wall_main
[6.383s] -- Up-to-date symlink: /home/bvillalb/colcon_ws/src/k-bots/follow-wall-k-bots/install/follow-wall/include//follow_wall/follow_wall.hpp
[6.383s] -- Up-to-date symlink: /home/bvillalb/colcon_ws/src/k-bots/follow-wall-k-bots/install/follow-wall/share/follow-wall/environment/library_path.sh
[6.384s] -- Up-to-date symlink: /home/bvillalb/colcon_ws/src/k-bots/follow-wall-k-bots/install/follow-wall/share/follow-wall/environment/library_path.dsv
[6.384s] -- Up-to-date symlink: /home/bvillalb/colcon_ws/src/k-bots/follow-wall-k-bots/install/follow-wall/share/ament_index/resource_index/package_run_dependencies/follow-wall
[6.384s] -- Up-to-date symlink: /home/bvillalb/colcon_ws/src/k-bots/follow-wall-k-bots/install/follow-wall/share/ament_index/resource_index/parent_prefix_path/follow-wall
[6.384s] -- Up-to-date symlink: /home/bvillalb/colcon_ws/src/k-bots/follow-wall-k-bots/install/follow-wall/share/follow-wall/environment/ament_prefix_path.sh
[6.385s] -- Up-to-date symlink: /home/bvillalb/colcon_ws/src/k-bots/follow-wall-k-bots/install/follow-wall/share/follow-wall/environment/ament_prefix_path.dsv
[6.385s] -- Up-to-date symlink: /home/bvillalb/colcon_ws/src/k-bots/follow-wall-k-bots/install/follow-wall/share/follow-wall/environment/path.sh
[6.385s] -- Up-to-date symlink: /home/bvillalb/colcon_ws/src/k-bots/follow-wall-k-bots/install/follow-wall/share/follow-wall/environment/path.dsv
[6.385s] -- Up-to-date symlink: /home/bvillalb/colcon_ws/src/k-bots/follow-wall-k-bots/install/follow-wall/share/follow-wall/local_setup.bash
[6.386s] -- Up-to-date symlink: /home/bvillalb/colcon_ws/src/k-bots/follow-wall-k-bots/install/follow-wall/share/follow-wall/local_setup.sh
[6.386s] -- Up-to-date symlink: /home/bvillalb/colcon_ws/src/k-bots/follow-wall-k-bots/install/follow-wall/share/follow-wall/local_setup.zsh
[6.386s] -- Up-to-date symlink: /home/bvillalb/colcon_ws/src/k-bots/follow-wall-k-bots/install/follow-wall/share/follow-wall/local_setup.dsv
[6.386s] -- Symlinking: /home/bvillalb/colcon_ws/src/k-bots/follow-wall-k-bots/install/follow-wall/share/follow-wall/package.dsv
[6.396s] -- Up-to-date symlink: /home/bvillalb/colcon_ws/src/k-bots/follow-wall-k-bots/install/follow-wall/share/ament_index/resource_index/packages/follow-wall
[6.396s] -- Up-to-date symlink: /home/bvillalb/colcon_ws/src/k-bots/follow-wall-k-bots/install/follow-wall/share/follow-wall/cmake/ament_cmake_export_include_directories-extras.cmake
[6.396s] -- Up-to-date symlink: /home/bvillalb/colcon_ws/src/k-bots/follow-wall-k-bots/install/follow-wall/share/follow-wall/cmake/ament_cmake_export_libraries-extras.cmake
[6.397s] -- Up-to-date symlink: /home/bvillalb/colcon_ws/src/k-bots/follow-wall-k-bots/install/follow-wall/share/follow-wall/cmake/ament_cmake_export_dependencies-extras.cmake
[6.397s] -- Up-to-date symlink: /home/bvillalb/colcon_ws/src/k-bots/follow-wall-k-bots/install/follow-wall/share/follow-wall/cmake/follow-wallConfig.cmake
[6.397s] -- Up-to-date symlink: /home/bvillalb/colcon_ws/src/k-bots/follow-wall-k-bots/install/follow-wall/share/follow-wall/cmake/follow-wallConfig-version.cmake
[6.397s] -- Up-to-date symlink: /home/bvillalb/colcon_ws/src/k-bots/follow-wall-k-bots/install/follow-wall/share/follow-wall/package.xml
[6.399s] Invoked command in '/home/bvillalb/colcon_ws/src/k-bots/follow-wall-k-bots/build/follow-wall' returned '0': CMAKE_PREFIX_PATH=${CMAKE_PREFIX_PATH}:/home/bvillalb/colcon_ws/install/test_hfsm:/home/bvillalb/colcon_ws/install/ros2controlcli:/home/bvillalb/colcon_ws/install/launch_pal:/home/bvillalb/colcon_ws/install/intro_py_ros2:/opt/ros/foxy /usr/bin/cmake --install /home/bvillalb/colcon_ws/src/k-bots/follow-wall-k-bots/build/follow-wall
