-- The C compiler identification is GNU 9.3.0
-- The CXX compiler identification is GNU 9.3.0
-- Check for working C compiler: /usr/bin/cc
-- Check for working C compiler: /usr/bin/cc -- works
-- Detecting C compiler ABI info
-- Detecting C compiler ABI info - done
-- Detecting C compile features
-- Detecting C compile features - done
-- Check for working CXX compiler: /usr/bin/c++
-- Check for working CXX compiler: /usr/bin/c++ -- works
-- Detecting CXX compiler ABI info
-- Detecting CXX compiler ABI info - done
-- Detecting CXX compile features
-- Detecting CXX compile features - done
-- Found ament_cmake: 0.9.9 (/opt/ros/foxy/share/ament_cmake/cmake)
-- Found PythonInterp: /usr/bin/python3 (found suitable version "3.8.10", minimum required is "3") 
-- Using PYTHON_EXECUTABLE: /usr/bin/python3
-- Override CMake install command with custom implementation using symlinks instead of copying resources
-- Found std_msgs: 2.0.4 (/opt/ros/foxy/share/std_msgs/cmake)
-- Using all available rosidl_typesupport_c: rosidl_typesupport_fastrtps_c;rosidl_typesupport_introspection_c
-- Found rosidl_adapter: 1.2.1 (/opt/ros/foxy/share/rosidl_adapter/cmake)
-- Found OpenSSL: /usr/lib/x86_64-linux-gnu/libcrypto.so (found version "1.1.1f")  
-- Found FastRTPS: /opt/ros/foxy/include  
-- Using all available rosidl_typesupport_cpp: rosidl_typesupport_fastrtps_cpp;rosidl_typesupport_introspection_cpp
-- Found sensor_msgs: 2.0.4 (/opt/ros/foxy/share/sensor_msgs/cmake)
-- Found rclcpp: 2.4.0 (/opt/ros/foxy/share/rclcpp/cmake)
-- Found rmw_implementation_cmake: 1.0.3 (/opt/ros/foxy/share/rmw_implementation_cmake/cmake)
-- Using RMW implementation 'rmw_fastrtps_cpp' as default
-- Looking for pthread.h
-- Looking for pthread.h - found
-- Performing Test CMAKE_HAVE_LIBC_PTHREAD
-- Performing Test CMAKE_HAVE_LIBC_PTHREAD - Failed
-- Looking for pthread_create in pthreads
-- Looking for pthread_create in pthreads - not found
-- Looking for pthread_create in pthread
-- Looking for pthread_create in pthread - found
-- Found Threads: TRUE  
-- Found rclcpp_lifecycle: 2.4.0 (/opt/ros/foxy/share/rclcpp_lifecycle/cmake)
-- Found ament_lint_auto: 0.9.6 (/opt/ros/foxy/share/ament_lint_auto/cmake)
-- Added test 'copyright' to check source files copyright and LICENSE
-- Added test 'cppcheck' to perform static code analysis on C / C++ code
-- Configured cppcheck include dirs: /home/bvillalb/colcon_ws/src/k-bots/follow-wall-k-bots/include
-- Configured cppcheck exclude dirs and/or files: 
-- Added test 'cpplint' to check C / C++ code against the Google style
-- Configured cpplint exclude dirs and/or files: 
-- Added test 'lint_cmake' to check CMake code style
-- Added test 'uncrustify' to check C / C++ code style
-- Configured uncrustify additional arguments: 
-- Added test 'xmllint' to check XML markup files
-- Configuring done
-- Generating done
-- Build files have been written to: /home/bvillalb/colcon_ws/src/k-bots/follow-wall-k-bots/build/follow-wall
[35m[1mScanning dependencies of target follow-wall[0m
[ 25%] [32mBuilding CXX object CMakeFiles/follow-wall.dir/src/follow_wall/follow_wall.cpp.o[0m
[ 50%] [32m[1mLinking CXX shared library libfollow-wall.so[0m
[ 50%] Built target follow-wall
[35m[1mScanning dependencies of target follow_wall_main[0m
[ 75%] [32mBuilding CXX object CMakeFiles/follow_wall_main.dir/src/follow_wall_main.cpp.o[0m
[100%] [32m[1mLinking CXX executable follow_wall_main[0m
[100%] Built target follow_wall_main
-- Install configuration: "DEBUG"
-- Execute custom install script
-- Symlinking: /home/bvillalb/colcon_ws/src/k-bots/follow-wall-k-bots/install/follow-wall/lib/follow-wall/follow_wall_main
-- Symlinking: /home/bvillalb/colcon_ws/src/k-bots/follow-wall-k-bots/install/follow-wall/include//follow_wall/follow_wall.hpp
-- Symlinking: /home/bvillalb/colcon_ws/src/k-bots/follow-wall-k-bots/install/follow-wall/share/follow-wall/environment/library_path.sh
-- Symlinking: /home/bvillalb/colcon_ws/src/k-bots/follow-wall-k-bots/install/follow-wall/share/follow-wall/environment/library_path.dsv
-- Symlinking: /home/bvillalb/colcon_ws/src/k-bots/follow-wall-k-bots/install/follow-wall/share/ament_index/resource_index/package_run_dependencies/follow-wall
-- Symlinking: /home/bvillalb/colcon_ws/src/k-bots/follow-wall-k-bots/install/follow-wall/share/ament_index/resource_index/parent_prefix_path/follow-wall
-- Symlinking: /home/bvillalb/colcon_ws/src/k-bots/follow-wall-k-bots/install/follow-wall/share/follow-wall/environment/ament_prefix_path.sh
-- Symlinking: /home/bvillalb/colcon_ws/src/k-bots/follow-wall-k-bots/install/follow-wall/share/follow-wall/environment/ament_prefix_path.dsv
-- Symlinking: /home/bvillalb/colcon_ws/src/k-bots/follow-wall-k-bots/install/follow-wall/share/follow-wall/environment/path.sh
-- Symlinking: /home/bvillalb/colcon_ws/src/k-bots/follow-wall-k-bots/install/follow-wall/share/follow-wall/environment/path.dsv
-- Symlinking: /home/bvillalb/colcon_ws/src/k-bots/follow-wall-k-bots/install/follow-wall/share/follow-wall/local_setup.bash
-- Symlinking: /home/bvillalb/colcon_ws/src/k-bots/follow-wall-k-bots/install/follow-wall/share/follow-wall/local_setup.sh
-- Symlinking: /home/bvillalb/colcon_ws/src/k-bots/follow-wall-k-bots/install/follow-wall/share/follow-wall/local_setup.zsh
-- Symlinking: /home/bvillalb/colcon_ws/src/k-bots/follow-wall-k-bots/install/follow-wall/share/follow-wall/local_setup.dsv
-- Symlinking: /home/bvillalb/colcon_ws/src/k-bots/follow-wall-k-bots/install/follow-wall/share/follow-wall/package.dsv
-- Symlinking: /home/bvillalb/colcon_ws/src/k-bots/follow-wall-k-bots/install/follow-wall/share/ament_index/resource_index/packages/follow-wall
-- Symlinking: /home/bvillalb/colcon_ws/src/k-bots/follow-wall-k-bots/install/follow-wall/share/follow-wall/cmake/ament_cmake_export_include_directories-extras.cmake
-- Symlinking: /home/bvillalb/colcon_ws/src/k-bots/follow-wall-k-bots/install/follow-wall/share/follow-wall/cmake/ament_cmake_export_libraries-extras.cmake
-- Symlinking: /home/bvillalb/colcon_ws/src/k-bots/follow-wall-k-bots/install/follow-wall/share/follow-wall/cmake/ament_cmake_export_dependencies-extras.cmake
-- Symlinking: /home/bvillalb/colcon_ws/src/k-bots/follow-wall-k-bots/install/follow-wall/share/follow-wall/cmake/follow-wallConfig.cmake
-- Symlinking: /home/bvillalb/colcon_ws/src/k-bots/follow-wall-k-bots/install/follow-wall/share/follow-wall/cmake/follow-wallConfig-version.cmake
-- Symlinking: /home/bvillalb/colcon_ws/src/k-bots/follow-wall-k-bots/install/follow-wall/share/follow-wall/package.xml
