[0.016s] Invoking command in '/home/bvillalb/colcon_ws/src/k-bots/follow-wall-k-bots/build/follow-wall': CMAKE_PREFIX_PATH=${CMAKE_PREFIX_PATH}:/home/bvillalb/colcon_ws/install/test_hfsm:/home/bvillalb/colcon_ws/install/ros2controlcli:/home/bvillalb/colcon_ws/install/launch_pal:/home/bvillalb/colcon_ws/install/intro_py_ros2:/opt/ros/foxy /usr/bin/cmake /home/bvillalb/colcon_ws/src/k-bots/follow-wall-k-bots -DAMENT_CMAKE_SYMLINK_INSTALL=1 -DCMAKE_INSTALL_PREFIX=/home/bvillalb/colcon_ws/src/k-bots/follow-wall-k-bots/install/follow-wall
[0.067s] -- The C compiler identification is GNU 9.3.0
[0.121s] -- The CXX compiler identification is GNU 9.3.0
[0.128s] -- Check for working C compiler: /usr/bin/cc
[0.192s] -- Check for working C compiler: /usr/bin/cc -- works
[0.192s] -- Detecting C compiler ABI info
[0.259s] -- Detecting C compiler ABI info - done
[0.269s] -- Detecting C compile features
[0.270s] -- Detecting C compile features - done
[0.272s] -- Check for working CXX compiler: /usr/bin/c++
[0.346s] -- Check for working CXX compiler: /usr/bin/c++ -- works
[0.347s] -- Detecting CXX compiler ABI info
[0.421s] -- Detecting CXX compiler ABI info - done
[0.432s] -- Detecting CXX compile features
[0.433s] -- Detecting CXX compile features - done
[0.437s] -- Found ament_cmake: 0.9.9 (/opt/ros/foxy/share/ament_cmake/cmake)
[0.473s] -- Found PythonInterp: /usr/bin/python3 (found suitable version "3.8.10", minimum required is "3") 
[0.473s] -- Using PYTHON_EXECUTABLE: /usr/bin/python3
[0.647s] -- Override CMake install command with custom implementation using symlinks instead of copying resources
[0.702s] -- Found std_msgs: 2.0.4 (/opt/ros/foxy/share/std_msgs/cmake)
[0.755s] -- Using all available rosidl_typesupport_c: rosidl_typesupport_fastrtps_c;rosidl_typesupport_introspection_c
[0.770s] -- Found rosidl_adapter: 1.2.1 (/opt/ros/foxy/share/rosidl_adapter/cmake)
[0.866s] -- Found OpenSSL: /usr/lib/x86_64-linux-gnu/libcrypto.so (found version "1.1.1f")  
[0.899s] -- Found FastRTPS: /opt/ros/foxy/include  
[0.994s] -- Using all available rosidl_typesupport_cpp: rosidl_typesupport_fastrtps_cpp;rosidl_typesupport_introspection_cpp
[1.046s] -- Found sensor_msgs: 2.0.4 (/opt/ros/foxy/share/sensor_msgs/cmake)
[1.163s] -- Found rclcpp: 2.4.0 (/opt/ros/foxy/share/rclcpp/cmake)
[1.227s] -- Found rmw_implementation_cmake: 1.0.3 (/opt/ros/foxy/share/rmw_implementation_cmake/cmake)
[1.231s] -- Using RMW implementation 'rmw_fastrtps_cpp' as default
[1.232s] -- Looking for pthread.h
[1.300s] -- Looking for pthread.h - found
[1.300s] -- Performing Test CMAKE_HAVE_LIBC_PTHREAD
[1.366s] -- Performing Test CMAKE_HAVE_LIBC_PTHREAD - Failed
[1.366s] -- Looking for pthread_create in pthreads
[1.422s] -- Looking for pthread_create in pthreads - not found
[1.422s] -- Looking for pthread_create in pthread
[1.487s] -- Looking for pthread_create in pthread - found
[1.488s] -- Found Threads: TRUE  
[1.641s] -- Found rclcpp_lifecycle: 2.4.0 (/opt/ros/foxy/share/rclcpp_lifecycle/cmake)
[1.682s] -- Found ament_lint_auto: 0.9.6 (/opt/ros/foxy/share/ament_lint_auto/cmake)
[1.792s] -- Added test 'copyright' to check source files copyright and LICENSE
[1.801s] -- Added test 'cppcheck' to perform static code analysis on C / C++ code
[1.801s] -- Configured cppcheck include dirs: /home/bvillalb/colcon_ws/src/k-bots/follow-wall-k-bots/include
[1.801s] -- Configured cppcheck exclude dirs and/or files: 
[1.811s] -- Added test 'cpplint' to check C / C++ code against the Google style
[1.811s] -- Configured cpplint exclude dirs and/or files: 
[1.815s] -- Added test 'lint_cmake' to check CMake code style
[1.825s] -- Added test 'uncrustify' to check C / C++ code style
[1.826s] -- Configured uncrustify additional arguments: 
[1.828s] -- Added test 'xmllint' to check XML markup files
[1.836s] -- Configuring done
[1.850s] -- Generating done
[1.852s] -- Build files have been written to: /home/bvillalb/colcon_ws/src/k-bots/follow-wall-k-bots/build/follow-wall
[1.858s] Invoked command in '/home/bvillalb/colcon_ws/src/k-bots/follow-wall-k-bots/build/follow-wall' returned '0': CMAKE_PREFIX_PATH=${CMAKE_PREFIX_PATH}:/home/bvillalb/colcon_ws/install/test_hfsm:/home/bvillalb/colcon_ws/install/ros2controlcli:/home/bvillalb/colcon_ws/install/launch_pal:/home/bvillalb/colcon_ws/install/intro_py_ros2:/opt/ros/foxy /usr/bin/cmake /home/bvillalb/colcon_ws/src/k-bots/follow-wall-k-bots -DAMENT_CMAKE_SYMLINK_INSTALL=1 -DCMAKE_INSTALL_PREFIX=/home/bvillalb/colcon_ws/src/k-bots/follow-wall-k-bots/install/follow-wall
[1.861s] Invoking command in '/home/bvillalb/colcon_ws/src/k-bots/follow-wall-k-bots/build/follow-wall': CMAKE_PREFIX_PATH=${CMAKE_PREFIX_PATH}:/home/bvillalb/colcon_ws/install/test_hfsm:/home/bvillalb/colcon_ws/install/ros2controlcli:/home/bvillalb/colcon_ws/install/launch_pal:/home/bvillalb/colcon_ws/install/intro_py_ros2:/opt/ros/foxy /usr/bin/cmake --build /home/bvillalb/colcon_ws/src/k-bots/follow-wall-k-bots/build/follow-wall -- -j16 -l16
[1.903s] [35m[1mScanning dependencies of target follow-wall[0m
[1.937s] [ 25%] [32mBuilding CXX object CMakeFiles/follow-wall.dir/src/follow_wall/follow_wall.cpp.o[0m
[7.695s] [ 50%] [32m[1mLinking CXX shared library libfollow-wall.so[0m
[7.937s] [ 50%] Built target follow-wall
[7.948s] [35m[1mScanning dependencies of target follow_wall_main[0m
[7.982s] [ 75%] [32mBuilding CXX object CMakeFiles/follow_wall_main.dir/src/follow_wall_main.cpp.o[0m
[10.106s] [100%] [32m[1mLinking CXX executable follow_wall_main[0m
[10.240s] [100%] Built target follow_wall_main
[10.251s] Invoked command in '/home/bvillalb/colcon_ws/src/k-bots/follow-wall-k-bots/build/follow-wall' returned '0': CMAKE_PREFIX_PATH=${CMAKE_PREFIX_PATH}:/home/bvillalb/colcon_ws/install/test_hfsm:/home/bvillalb/colcon_ws/install/ros2controlcli:/home/bvillalb/colcon_ws/install/launch_pal:/home/bvillalb/colcon_ws/install/intro_py_ros2:/opt/ros/foxy /usr/bin/cmake --build /home/bvillalb/colcon_ws/src/k-bots/follow-wall-k-bots/build/follow-wall -- -j16 -l16
[10.289s] Invoking command in '/home/bvillalb/colcon_ws/src/k-bots/follow-wall-k-bots/build/follow-wall': CMAKE_PREFIX_PATH=${CMAKE_PREFIX_PATH}:/home/bvillalb/colcon_ws/install/test_hfsm:/home/bvillalb/colcon_ws/install/ros2controlcli:/home/bvillalb/colcon_ws/install/launch_pal:/home/bvillalb/colcon_ws/install/intro_py_ros2:/opt/ros/foxy /usr/bin/cmake --install /home/bvillalb/colcon_ws/src/k-bots/follow-wall-k-bots/build/follow-wall
[10.299s] -- Install configuration: "DEBUG"
[10.299s] -- Execute custom install script
[10.300s] -- Symlinking: /home/bvillalb/colcon_ws/src/k-bots/follow-wall-k-bots/install/follow-wall/lib/follow-wall/follow_wall_main
[10.309s] -- Symlinking: /home/bvillalb/colcon_ws/src/k-bots/follow-wall-k-bots/install/follow-wall/include//follow_wall/follow_wall.hpp
[10.319s] -- Symlinking: /home/bvillalb/colcon_ws/src/k-bots/follow-wall-k-bots/install/follow-wall/share/follow-wall/environment/library_path.sh
[10.328s] -- Symlinking: /home/bvillalb/colcon_ws/src/k-bots/follow-wall-k-bots/install/follow-wall/share/follow-wall/environment/library_path.dsv
[10.338s] -- Symlinking: /home/bvillalb/colcon_ws/src/k-bots/follow-wall-k-bots/install/follow-wall/share/ament_index/resource_index/package_run_dependencies/follow-wall
[10.347s] -- Symlinking: /home/bvillalb/colcon_ws/src/k-bots/follow-wall-k-bots/install/follow-wall/share/ament_index/resource_index/parent_prefix_path/follow-wall
[10.357s] -- Symlinking: /home/bvillalb/colcon_ws/src/k-bots/follow-wall-k-bots/install/follow-wall/share/follow-wall/environment/ament_prefix_path.sh
[10.366s] -- Symlinking: /home/bvillalb/colcon_ws/src/k-bots/follow-wall-k-bots/install/follow-wall/share/follow-wall/environment/ament_prefix_path.dsv
[10.375s] -- Symlinking: /home/bvillalb/colcon_ws/src/k-bots/follow-wall-k-bots/install/follow-wall/share/follow-wall/environment/path.sh
[10.384s] -- Symlinking: /home/bvillalb/colcon_ws/src/k-bots/follow-wall-k-bots/install/follow-wall/share/follow-wall/environment/path.dsv
[10.394s] -- Symlinking: /home/bvillalb/colcon_ws/src/k-bots/follow-wall-k-bots/install/follow-wall/share/follow-wall/local_setup.bash
[10.403s] -- Symlinking: /home/bvillalb/colcon_ws/src/k-bots/follow-wall-k-bots/install/follow-wall/share/follow-wall/local_setup.sh
[10.412s] -- Symlinking: /home/bvillalb/colcon_ws/src/k-bots/follow-wall-k-bots/install/follow-wall/share/follow-wall/local_setup.zsh
[10.421s] -- Symlinking: /home/bvillalb/colcon_ws/src/k-bots/follow-wall-k-bots/install/follow-wall/share/follow-wall/local_setup.dsv
[10.431s] -- Symlinking: /home/bvillalb/colcon_ws/src/k-bots/follow-wall-k-bots/install/follow-wall/share/follow-wall/package.dsv
[10.440s] -- Symlinking: /home/bvillalb/colcon_ws/src/k-bots/follow-wall-k-bots/install/follow-wall/share/ament_index/resource_index/packages/follow-wall
[10.449s] -- Symlinking: /home/bvillalb/colcon_ws/src/k-bots/follow-wall-k-bots/install/follow-wall/share/follow-wall/cmake/ament_cmake_export_include_directories-extras.cmake
[10.459s] -- Symlinking: /home/bvillalb/colcon_ws/src/k-bots/follow-wall-k-bots/install/follow-wall/share/follow-wall/cmake/ament_cmake_export_libraries-extras.cmake
[10.468s] -- Symlinking: /home/bvillalb/colcon_ws/src/k-bots/follow-wall-k-bots/install/follow-wall/share/follow-wall/cmake/ament_cmake_export_dependencies-extras.cmake
[10.477s] -- Symlinking: /home/bvillalb/colcon_ws/src/k-bots/follow-wall-k-bots/install/follow-wall/share/follow-wall/cmake/follow-wallConfig.cmake
[10.486s] -- Symlinking: /home/bvillalb/colcon_ws/src/k-bots/follow-wall-k-bots/install/follow-wall/share/follow-wall/cmake/follow-wallConfig-version.cmake
[10.496s] -- Symlinking: /home/bvillalb/colcon_ws/src/k-bots/follow-wall-k-bots/install/follow-wall/share/follow-wall/package.xml
[10.507s] Invoked command in '/home/bvillalb/colcon_ws/src/k-bots/follow-wall-k-bots/build/follow-wall' returned '0': CMAKE_PREFIX_PATH=${CMAKE_PREFIX_PATH}:/home/bvillalb/colcon_ws/install/test_hfsm:/home/bvillalb/colcon_ws/install/ros2controlcli:/home/bvillalb/colcon_ws/install/launch_pal:/home/bvillalb/colcon_ws/install/intro_py_ros2:/opt/ros/foxy /usr/bin/cmake --install /home/bvillalb/colcon_ws/src/k-bots/follow-wall-k-bots/build/follow-wall
